Crashlog created at 2013-01-25 08:54:52 +0700

=== MESSAGE:

ArgumentError: wrong number of arguments (1 for 2)

=== COMPILATION STACK:

  - [item]   /student/ (rep default)

=== BACKTRACE:

  0. lib/resources.rb:71:in `json_string'
  1. item /student/ (rep default):77:in `get_binding'
  2. /home/manvuong/.rvm/rubies/ruby-1.9.3-p327/lib/ruby/1.9.1/erb.rb:838:in `eval'
  3. /home/manvuong/.rvm/rubies/ruby-1.9.3-p327/lib/ruby/1.9.1/erb.rb:838:in `result'
  4. /home/manvuong/.rvm/gems/ruby-1.9.3-p327/gems/nanoc-3.4.3/lib/nanoc/filters/erb.rb:34:in `run'
  5. /home/manvuong/.rvm/gems/ruby-1.9.3-p327/gems/nanoc-3.4.3/lib/nanoc/base/result_data/item_rep.rb:348:in `filter'
  6. /home/manvuong/.rvm/gems/ruby-1.9.3-p327/gems/nanoc-3.4.3/lib/nanoc/base/compilation/item_rep_proxy.rb:47:in `filter'
  7. /home/manvuong/.rvm/gems/ruby-1.9.3-p327/gems/nanoc-3.4.3/lib/nanoc/base/compilation/rule_context.rb:55:in `filter'
  8. ./Rules:23:in `block in load'
  9. /home/manvuong/.rvm/gems/ruby-1.9.3-p327/gems/nanoc-3.4.3/lib/nanoc/base/compilation/rule.rb:68:in `instance_eval'
  10. /home/manvuong/.rvm/gems/ruby-1.9.3-p327/gems/nanoc-3.4.3/lib/nanoc/base/compilation/rule.rb:68:in `apply_to'
  11. /home/manvuong/.rvm/gems/ruby-1.9.3-p327/gems/nanoc-3.4.3/lib/nanoc/base/compilation/compiler.rb:383:in `compile_rep'
  12. /home/manvuong/.rvm/gems/ruby-1.9.3-p327/gems/nanoc-3.4.3/lib/nanoc/base/compilation/compiler.rb:339:in `block in compile_reps'
  13. /home/manvuong/.rvm/gems/ruby-1.9.3-p327/gems/nanoc-3.4.3/lib/nanoc/base/compilation/compiler.rb:332:in `loop'
  14. /home/manvuong/.rvm/gems/ruby-1.9.3-p327/gems/nanoc-3.4.3/lib/nanoc/base/compilation/compiler.rb:332:in `compile_reps'
  15. /home/manvuong/.rvm/gems/ruby-1.9.3-p327/gems/nanoc-3.4.3/lib/nanoc/base/compilation/compiler.rb:89:in `run'
  16. /home/manvuong/.rvm/gems/ruby-1.9.3-p327/gems/nanoc-3.4.3/lib/nanoc/base/source_data/site.rb:58:in `compile'
  17. /home/manvuong/.rvm/gems/ruby-1.9.3-p327/gems/nanoc-3.4.3/lib/nanoc/cli/commands/compile.rb:62:in `run'
  18. /home/manvuong/.rvm/gems/ruby-1.9.3-p327/gems/nanoc-3.4.3/lib/nanoc/cli/command_runner.rb:14:in `block in call'
  19. /home/manvuong/.rvm/gems/ruby-1.9.3-p327/gems/nanoc-3.4.3/lib/nanoc/cli/error_handler.rb:63:in `handle_while'
  20. /home/manvuong/.rvm/gems/ruby-1.9.3-p327/gems/nanoc-3.4.3/lib/nanoc/cli/error_handler.rb:26:in `handle_while'
  21. /home/manvuong/.rvm/gems/ruby-1.9.3-p327/gems/nanoc-3.4.3/lib/nanoc/cli/command_runner.rb:13:in `call'
  22. /home/manvuong/.rvm/gems/ruby-1.9.3-p327/gems/cri-2.3.0/lib/cri/command_dsl.rb:185:in `block in runner'
  23. /home/manvuong/.rvm/gems/ruby-1.9.3-p327/gems/cri-2.3.0/lib/cri/command.rb:296:in `call'
  24. /home/manvuong/.rvm/gems/ruby-1.9.3-p327/gems/cri-2.3.0/lib/cri/command.rb:296:in `run_this'
  25. /home/manvuong/.rvm/gems/ruby-1.9.3-p327/gems/cri-2.3.0/lib/cri/command.rb:249:in `run'
  26. /home/manvuong/.rvm/gems/ruby-1.9.3-p327/gems/cri-2.3.0/lib/cri/command.rb:262:in `run'
  27. /home/manvuong/.rvm/gems/ruby-1.9.3-p327/gems/nanoc-3.4.3/lib/nanoc/cli.rb:52:in `block in run'
  28. /home/manvuong/.rvm/gems/ruby-1.9.3-p327/gems/nanoc-3.4.3/lib/nanoc/cli/error_handler.rb:63:in `handle_while'
  29. /home/manvuong/.rvm/gems/ruby-1.9.3-p327/gems/nanoc-3.4.3/lib/nanoc/cli/error_handler.rb:26:in `handle_while'
  30. /home/manvuong/.rvm/gems/ruby-1.9.3-p327/gems/nanoc-3.4.3/lib/nanoc/cli.rb:50:in `run'
  31. /home/manvuong/.rvm/gems/ruby-1.9.3-p327/gems/nanoc-3.4.3/bin/nanoc:19:in `<top (required)>'
  32. /home/manvuong/.rvm/gems/ruby-1.9.3-p327/bin/nanoc:19:in `load'
  33. /home/manvuong/.rvm/gems/ruby-1.9.3-p327/bin/nanoc:19:in `<main>'
  34. /home/manvuong/.rvm/gems/ruby-1.9.3-p327/bin/ruby_noexec_wrapper:14:in `eval'
  35. /home/manvuong/.rvm/gems/ruby-1.9.3-p327/bin/ruby_noexec_wrapper:14:in `<main>'

=== VERSION INFORMATION:

nanoc 3.4.3 © 2007-2012 Denis Defreyne.
Running ruby 1.9.3 (2012-11-10) on i686-linux with RubyGems 1.8.24.

=== SYSTEM INFORMATION:

Linux ubuntu 3.2.0-35-generic-pae #55-Ubuntu SMP Wed Dec 5 18:04:39 UTC 2012 i686 i686 i386 GNU/Linux

=== INSTALLED GEMS:

  actionmailer 3.2.11
  actionpack 3.2.11
  activemodel 3.2.11
  activerecord 3.2.11
  activeresource 3.2.11
  activesupport 3.2.11
  addressable 2.3.2
  annotate 2.5.0
  arel 3.0.2
  aws-sdk 1.8.0
  axlsx 1.3.4
  backports 2.6.7
  bcrypt-ruby 3.0.1
  better_states_select 1.0.0
  blankslate 3.1.2
  bootstrap-sass 2.2.2.0
  bootstrap-will_paginate 0.0.9
  bourne 1.1.2
  builder 3.0.4
  bundler 1.2.3
  cancan 1.6.8
  capybara 2.0.2
  childprocess 0.3.6
  choice 0.1.6
  client_side_validations 3.2.1
  client_side_validations-simple_form 2.0.1
  cocaine 0.4.2
  coderay 1.0.8
  coffee-rails 3.2.2
  coffee-script 2.2.0
  coffee-script-source 1.4.0
  colored 1.2
  commonjs 0.2.6
  cri 2.3.0
  daemons 1.1.9
  database_cleaner 0.9.1
  descendants_tracker 0.0.1
  devise 2.0.2
  diff-lcs 1.1.3
  erubis 2.7.0
  eventmachine 1.0.0
  execjs 1.4.0
  factory_girl 4.1.0
  factory_girl_rails 4.1.0
  faker 1.1.2
  faraday 0.8.4
  fastercsv 1.5.5
  ffi 1.3.1
  font-awesome-sass-rails 3.0.0.1
  grape 0.2.6
  grape-rabl 0.1.0
  grape_doc 0.0.2
  haml 3.1.7
  haml-rails 0.3.5
  hashie 1.2.0
  hike 1.2.1
  hpricot 0.8.6
  htmlentities 4.3.1
  httparty 0.10.0
  httpauth 0.2.0
  i18n 0.6.1
  journey 1.0.4
  jquery-rails 2.1.4
  jquery-ui-rails 3.0.1
  json 1.7.6
  jwt 0.1.5
  kaminari 0.14.1
  kramdown 0.13.8
  less 2.2.2
  less-rails 2.2.3
  libv8 3.3.10.4
  libwebsocket 0.1.7.1
  mail 2.4.4
  meta_search 1.1.3
  metaclass 0.0.1
  mime-types 1.19
  mocha 0.10.5
  mongodb_logger 0.4.1
  moped 1.3.2
  multi_json 1.5.0
  multi_xml 0.5.2
  multipart-post 1.1.5
  nanoc 3.4.3
  nested_form 0.3.1
  newrelic_rpm 3.5.5.38
  nokogiri 1.5.6
  oauth 0.4.7
  oauth-plugin 0.4.1
  oauth2 0.8.0
  orm_adapter 0.0.7
  paperclip 3.4.0
  pg 0.14.1
  polyamorous 0.5.0
  polyglot 0.3.3
  pygments.rb 0.2.3
  rabl 0.7.9
  rack 1.4.4
  rack-accept 0.4.5
  rack-cache 1.2
  rack-mount 0.8.3
  rack-pjax 0.7.0
  rack-protection 1.3.2
  rack-ssl 1.3.2
  rack-test 0.6.2
  rails 3.2.11
  rails-erd 1.0.0
  rails_admin 0.4.1
  railties 3.2.11
  rake 10.0.3
  rdoc 3.12
  remotipart 1.0.2
  rmagick 2.13.1
  rspec-core 2.12.2
  rspec-expectations 2.12.1
  rspec-mocks 2.12.1
  rspec-rails 2.12.2
  ruby-graphviz 1.0.8
  ruby_parser 3.1.1
  rubypython 0.6.3
  rubyzip 0.9.9
  sass 3.2.5
  sass-rails 3.2.6
  selenium-webdriver 2.27.2
  sexp_processor 4.1.3
  shoulda-matchers 1.4.2
  simple_form 2.0.4
  simplecov 0.7.1
  simplecov-html 0.7.1
  simplecov-rcov 0.2.3
  sinatra 1.3.3
  spork 1.0.0rc3
  spork-rails 3.2.1
  sprockets 2.2.2
  therubyracer 0.10.2
  thin 1.5.0
  thor 0.16.0
  tilt 1.3.3
  treetop 1.4.12
  trollop 2.0
  twitter-bootstrap-rails 2.2.0
  tzinfo 0.3.35
  uglifier 1.3.0
  uuidtools 2.1.3
  vegas 0.1.11
  virtus 0.5.4
  warden 1.2.1
  websocket 1.0.6
  will_paginate 3.0.4
  xpath 1.0.0
  yajl-ruby 0.8.3

=== ENVIRONMENT:

BUNDLE_BIN_PATH => "/home/manvuong/.rvm/gems/ruby-1.9.3-p327@global/gems/bundler-1.2.3/bin/bundle"
BUNDLE_GEMFILE => "/home/manvuong/Desktop/WORKSPACE/teacher_mgnt/Gemfile"
COLORTERM => "gnome-terminal"
DBUS_SESSION_BUS_ADDRESS => "unix:abstract=/tmp/dbus-Dnb7WilmBi,guid=8e706ff06063c7b4e1d030b0000001a3"
DEFAULTS_PATH => "/usr/share/gconf/gnome-fallback.default.path"
DESKTOP_SESSION => "gnome-fallback"
DISPLAY => ":0.0"
GDMSESSION => "gnome-fallback"
GEM_HOME => "/home/manvuong/.rvm/gems/ruby-1.9.3-p327"
GEM_PATH => "/home/manvuong/.rvm/gems/ruby-1.9.3-p327:/home/manvuong/.rvm/gems/ruby-1.9.3-p327@global"
GNOME_DESKTOP_SESSION_ID => "this-is-deprecated"
GNOME_KEYRING_CONTROL => "/tmp/keyring-71LaGD"
GNOME_KEYRING_PID => "2320"
GPG_AGENT_INFO => "/tmp/keyring-71LaGD/gpg:0:1"
HOME => "/home/manvuong"
IRBRC => "/home/manvuong/.rvm/rubies/ruby-1.9.3-p327/.irbrc"
JAVA_HOME => "/usr/lib/jvm/jdk1.7.0"
JRE_HOME => "/usr/lib/jvm/jdk1.7.0/jre"
LANG => "en_US.UTF-8"
LESSCLOSE => "/usr/bin/lesspipe %s %s"
LESSOPEN => "| /usr/bin/lesspipe %s"
LOGNAME => "manvuong"
LS_COLORS => "rs=0:di=01;34:ln=01;36:mh=00:pi=40;33:so=01;35:do=01;35:bd=40;33;01:cd=40;33;01:or=40;31;01:su=37;41:sg=30;43:ca=30;41:tw=30;42:ow=34;42:st=37;44:ex=01;32:*.tar=01;31:*.tgz=01;31:*.arj=01;31:*.taz=01;31:*.lzh=01;31:*.lzma=01;31:*.tlz=01;31:*.txz=01;31:*.zip=01;31:*.z=01;31:*.Z=01;31:*.dz=01;31:*.gz=01;31:*.lz=01;31:*.xz=01;31:*.bz2=01;31:*.bz=01;31:*.tbz=01;31:*.tbz2=01;31:*.tz=01;31:*.deb=01;31:*.rpm=01;31:*.jar=01;31:*.war=01;31:*.ear=01;31:*.sar=01;31:*.rar=01;31:*.ace=01;31:*.zoo=01;31:*.cpio=01;31:*.7z=01;31:*.rz=01;31:*.jpg=01;35:*.jpeg=01;35:*.gif=01;35:*.bmp=01;35:*.pbm=01;35:*.pgm=01;35:*.ppm=01;35:*.tga=01;35:*.xbm=01;35:*.xpm=01;35:*.tif=01;35:*.tiff=01;35:*.png=01;35:*.svg=01;35:*.svgz=01;35:*.mng=01;35:*.pcx=01;35:*.mov=01;35:*.mpg=01;35:*.mpeg=01;35:*.m2v=01;35:*.mkv=01;35:*.webm=01;35:*.ogm=01;35:*.mp4=01;35:*.m4v=01;35:*.mp4v=01;35:*.vob=01;35:*.qt=01;35:*.nuv=01;35:*.wmv=01;35:*.asf=01;35:*.rm=01;35:*.rmvb=01;35:*.flc=01;35:*.avi=01;35:*.fli=01;35:*.flv=01;35:*.gl=01;35:*.dl=01;35:*.xcf=01;35:*.xwd=01;35:*.yuv=01;35:*.cgm=01;35:*.emf=01;35:*.axv=01;35:*.anx=01;35:*.ogv=01;35:*.ogx=01;35:*.aac=00;36:*.au=00;36:*.flac=00;36:*.mid=00;36:*.midi=00;36:*.mka=00;36:*.mp3=00;36:*.mpc=00;36:*.ogg=00;36:*.ra=00;36:*.wav=00;36:*.axa=00;36:*.oga=00;36:*.spx=00;36:*.xspf=00;36:"
MANDATORY_PATH => "/usr/share/gconf/gnome-fallback.mandatory.path"
MY_RUBY_HOME => "/home/manvuong/.rvm/rubies/ruby-1.9.3-p327"
OLDPWD => "/home/manvuong/Desktop/WORKSPACE/teacher_mgnt"
ORACLE_HOME => "/usr/lib/oracle/xe/app/oracle/product/10.2.0/server"
ORACLE_SID => "XE"
PATH => "/home/manvuong/.rvm/gems/ruby-1.9.3-p327/bin:/home/manvuong/.rvm/gems/ruby-1.9.3-p327@global/bin:/home/manvuong/.rvm/rubies/ruby-1.9.3-p327/bin:/home/manvuong/.rvm/bin:/usr/local/heroku/bin:/usr/lib/lightdm/lightdm:/usr/local/sbin:/usr/local/bin:/usr/sbin:/usr/bin:/sbin:/bin:/usr/games:$JAVA_HOME:$JRE_HOME:/usr/lib/oracle/xe/app/oracle/product/10.2.0/server/bin"
PWD => "/home/manvuong/Desktop/WORKSPACE/teacher_mgnt/apidoc"
RUBYOPT => "-I/home/manvuong/.rvm/gems/ruby-1.9.3-p327@global/gems/bundler-1.2.3/lib -rbundler/setup"
RUBY_VERSION => "ruby-1.9.3-p327"
SESSION_MANAGER => "local/ubuntu:@/tmp/.ICE-unix/2331,unix/ubuntu:/tmp/.ICE-unix/2331"
SHELL => "/bin/bash"
SHLVL => "1"
SSH_AGENT_PID => "2368"
SSH_AUTH_SOCK => "/tmp/keyring-71LaGD/ssh"
TERM => "xterm"
UBUNTU_MENUPROXY => "libappmenu.so"
USER => "manvuong"
WINDOWID => "56623108"
XAUTHORITY => "/home/manvuong/.Xauthority"
XDG_CONFIG_DIRS => "/etc/xdg/xdg-gnome-fallback:/etc/xdg"
XDG_CURRENT_DESKTOP => "GNOME"
XDG_DATA_DIRS => "/usr/share/gnome-fallback:/usr/share/gnome:/usr/local/share/:/usr/share/"
XDG_SEAT_PATH => "/org/freedesktop/DisplayManager/Seat0"
XDG_SESSION_COOKIE => "09b48d2e952ac8fb44d8469900000007-1359049227.439204-1952753038"
XDG_SESSION_PATH => "/org/freedesktop/DisplayManager/Session0"
_ => "/home/manvuong/.rvm/gems/ruby-1.9.3-p327/bin/nanoc"
_ORIGINAL_GEM_PATH => "/home/manvuong/.rvm/gems/ruby-1.9.3-p327:/home/manvuong/.rvm/gems/ruby-1.9.3-p327@global"
__array_start => "0"
_first => "0"
_second => "1"
escape_flag => "1"
rvm_bin_path => "/home/manvuong/.rvm/bin"
rvm_path => "/home/manvuong/.rvm"
rvm_prefix => "/home/manvuong"
rvm_version => "1.17.3 (stable)"

=== $LOAD_PATH:

  0. /home/manvuong/.rvm/gems/ruby-1.9.3-p327/gems/nanoc-3.4.3/lib
  1. /home/manvuong/.rvm/gems/ruby-1.9.3-p327/gems/yajl-ruby-0.8.3/lib
  2. /home/manvuong/.rvm/gems/ruby-1.9.3-p327/gems/yajl-ruby-0.8.3/ext
  3. /home/manvuong/.rvm/gems/ruby-1.9.3-p327/gems/uglifier-1.3.0/lib
  4. /home/manvuong/.rvm/gems/ruby-1.9.3-p327/gems/twitter-bootstrap-rails-2.2.0/lib
  5. /home/manvuong/.rvm/gems/ruby-1.9.3-p327/gems/thin-1.5.0/lib
  6. /home/manvuong/.rvm/gems/ruby-1.9.3-p327/gems/therubyracer-0.10.2/lib
  7. /home/manvuong/.rvm/gems/ruby-1.9.3-p327/gems/therubyracer-0.10.2/ext
  8. /home/manvuong/.rvm/gems/ruby-1.9.3-p327/gems/spork-rails-3.2.1/lib
  9. /home/manvuong/.rvm/gems/ruby-1.9.3-p327/gems/spork-1.0.0rc3/lib
  10. /home/manvuong/.rvm/gems/ruby-1.9.3-p327/gems/simplecov-rcov-0.2.3/lib
  11. /home/manvuong/.rvm/gems/ruby-1.9.3-p327/gems/simplecov-0.7.1/lib
  12. /home/manvuong/.rvm/gems/ruby-1.9.3-p327/gems/simplecov-html-0.7.1/lib
  13. /home/manvuong/.rvm/gems/ruby-1.9.3-p327/gems/shoulda-matchers-1.4.2/lib
  14. /home/manvuong/.rvm/gems/ruby-1.9.3-p327/gems/ruby_parser-3.1.1/lib
  15. /home/manvuong/.rvm/gems/ruby-1.9.3-p327/gems/sexp_processor-4.1.3/lib
  16. /home/manvuong/.rvm/gems/ruby-1.9.3-p327/gems/rspec-rails-2.12.2/lib
  17. /home/manvuong/.rvm/gems/ruby-1.9.3-p327/gems/rspec-mocks-2.12.1/lib
  18. /home/manvuong/.rvm/gems/ruby-1.9.3-p327/gems/rspec-expectations-2.12.1/lib
  19. /home/manvuong/.rvm/gems/ruby-1.9.3-p327/gems/rspec-core-2.12.2/lib
  20. /home/manvuong/.rvm/gems/ruby-1.9.3-p327/gems/rmagick-2.13.1/lib
  21. /home/manvuong/.rvm/gems/ruby-1.9.3-p327/gems/rmagick-2.13.1/ext
  22. /home/manvuong/.rvm/gems/ruby-1.9.3-p327/gems/rails_admin-0.4.1/lib
  23. /home/manvuong/.rvm/gems/ruby-1.9.3-p327/gems/remotipart-1.0.2/lib
  24. /home/manvuong/.rvm/gems/ruby-1.9.3-p327/gems/rails-erd-1.0.0/lib
  25. /home/manvuong/.rvm/gems/ruby-1.9.3-p327/gems/ruby-graphviz-1.0.8/lib
  26. /home/manvuong/.rvm/gems/ruby-1.9.3-p327/gems/rack-pjax-0.7.0/lib
  27. /home/manvuong/.rvm/gems/ruby-1.9.3-p327/gems/pygments.rb-0.2.3/lib
  28. /home/manvuong/.rvm/gems/ruby-1.9.3-p327/gems/rubypython-0.6.3/lib
  29. /home/manvuong/.rvm/gems/ruby-1.9.3-p327/gems/pg-0.14.1/lib
  30. /home/manvuong/.rvm/gems/ruby-1.9.3-p327/gems/paperclip-3.4.0/lib
  31. /home/manvuong/.rvm/gems/ruby-1.9.3-p327/gems/oauth-plugin-0.4.1/lib
  32. /home/manvuong/.rvm/gems/ruby-1.9.3-p327/gems/oauth2-0.8.0/lib
  33. /home/manvuong/.rvm/gems/ruby-1.9.3-p327/gems/oauth-0.4.7/lib
  34. /home/manvuong/.rvm/gems/ruby-1.9.3-p327/gems/newrelic_rpm-3.5.5.38/lib
  35. /home/manvuong/.rvm/gems/ruby-1.9.3-p327/gems/nested_form-0.3.1/lib
  36. /home/manvuong/.rvm/gems/ruby-1.9.3-p327/gems/nanoc-3.4.3/lib
  37. /home/manvuong/.rvm/gems/ruby-1.9.3-p327/gems/moped-1.3.2/lib
  38. /home/manvuong/.rvm/gems/ruby-1.9.3-p327/bundler/gems/mongodb_logger-3028e18d2815/lib
  39. /home/manvuong/.rvm/gems/ruby-1.9.3-p327/gems/vegas-0.1.11/lib
  40. /home/manvuong/.rvm/gems/ruby-1.9.3-p327/gems/sinatra-1.3.3/lib
  41. /home/manvuong/.rvm/gems/ruby-1.9.3-p327/gems/rack-protection-1.3.2/lib
  42. /home/manvuong/.rvm/gems/ruby-1.9.3-p327/gems/meta_search-1.1.3/lib
  43. /home/manvuong/.rvm/gems/ruby-1.9.3-p327/gems/polyamorous-0.5.0/lib
  44. /home/manvuong/.rvm/gems/ruby-1.9.3-p327/gems/libv8-3.3.10.4-x86-linux/lib
  45. /home/manvuong/.rvm/gems/ruby-1.9.3-p327/gems/less-rails-2.2.3/lib
  46. /home/manvuong/.rvm/gems/ruby-1.9.3-p327/gems/less-2.2.2/lib
  47. /home/manvuong/.rvm/gems/ruby-1.9.3-p327/gems/kramdown-0.13.8/lib
  48. /home/manvuong/.rvm/gems/ruby-1.9.3-p327/gems/kaminari-0.14.1/lib
  49. /home/manvuong/.rvm/gems/ruby-1.9.3-p327/gems/jwt-0.1.5/lib
  50. /home/manvuong/.rvm/gems/ruby-1.9.3-p327/gems/jquery-ui-rails-3.0.1/lib
  51. /home/manvuong/.rvm/gems/ruby-1.9.3-p327/gems/jquery-rails-2.1.4/lib
  52. /home/manvuong/.rvm/gems/ruby-1.9.3-p327/gems/httpauth-0.2.0/lib
  53. /home/manvuong/.rvm/gems/ruby-1.9.3-p327/gems/hpricot-0.8.6/lib
  54. /home/manvuong/.rvm/gems/ruby-1.9.3-p327/gems/haml-rails-0.3.5/lib
  55. /home/manvuong/.rvm/gems/ruby-1.9.3-p327/gems/haml-3.1.7/lib
  56. /home/manvuong/.rvm/gems/ruby-1.9.3-p327/gems/grape_doc-0.0.2/lib
  57. /home/manvuong/.rvm/gems/ruby-1.9.3-p327/gems/trollop-2.0/lib
  58. /home/manvuong/.rvm/gems/ruby-1.9.3-p327/gems/grape-rabl-0.1.0/lib
  59. /home/manvuong/.rvm/gems/ruby-1.9.3-p327/gems/rabl-0.7.9/lib
  60. /home/manvuong/.rvm/gems/ruby-1.9.3-p327/gems/grape-0.2.6/lib
  61. /home/manvuong/.rvm/gems/ruby-1.9.3-p327/gems/virtus-0.5.4/lib
  62. /home/manvuong/.rvm/gems/ruby-1.9.3-p327/gems/rack-mount-0.8.3/lib
  63. /home/manvuong/.rvm/gems/ruby-1.9.3-p327/gems/rack-accept-0.4.5/lib
  64. /home/manvuong/.rvm/gems/ruby-1.9.3-p327/gems/hashie-1.2.0/lib
  65. /home/manvuong/.rvm/gems/ruby-1.9.3-p327/gems/font-awesome-sass-rails-3.0.0.1/lib
  66. /home/manvuong/.rvm/gems/ruby-1.9.3-p327/gems/sass-rails-3.2.6/lib
  67. /home/manvuong/.rvm/gems/ruby-1.9.3-p327/gems/fastercsv-1.5.5/lib
  68. /home/manvuong/.rvm/gems/ruby-1.9.3-p327/gems/faraday-0.8.4/lib
  69. /home/manvuong/.rvm/gems/ruby-1.9.3-p327/gems/multipart-post-1.1.5/lib
  70. /home/manvuong/.rvm/gems/ruby-1.9.3-p327/gems/faker-1.1.2/lib
  71. /home/manvuong/.rvm/gems/ruby-1.9.3-p327/gems/factory_girl_rails-4.1.0/lib
  72. /home/manvuong/.rvm/gems/ruby-1.9.3-p327/gems/factory_girl-4.1.0/lib
  73. /home/manvuong/.rvm/gems/ruby-1.9.3-p327/gems/eventmachine-1.0.0/lib
  74. /home/manvuong/.rvm/gems/ruby-1.9.3-p327/gems/diff-lcs-1.1.3/lib
  75. /home/manvuong/.rvm/gems/ruby-1.9.3-p327/gems/devise-2.0.2/lib
  76. /home/manvuong/.rvm/gems/ruby-1.9.3-p327/gems/warden-1.2.1/lib
  77. /home/manvuong/.rvm/gems/ruby-1.9.3-p327/gems/orm_adapter-0.0.7/lib
  78. /home/manvuong/.rvm/gems/ruby-1.9.3-p327/gems/descendants_tracker-0.0.1/lib
  79. /home/manvuong/.rvm/gems/ruby-1.9.3-p327/gems/database_cleaner-0.9.1/lib
  80. /home/manvuong/.rvm/gems/ruby-1.9.3-p327/gems/daemons-1.1.9/lib
  81. /home/manvuong/.rvm/gems/ruby-1.9.3-p327/gems/cri-2.3.0/lib
  82. /home/manvuong/.rvm/gems/ruby-1.9.3-p327/gems/commonjs-0.2.6/lib
  83. /home/manvuong/.rvm/gems/ruby-1.9.3-p327/gems/colored-1.2/lib
  84. /home/manvuong/.rvm/gems/ruby-1.9.3-p327/gems/coffee-rails-3.2.2/lib
  85. /home/manvuong/.rvm/gems/ruby-1.9.3-p327/gems/coffee-script-2.2.0/lib
  86. /home/manvuong/.rvm/gems/ruby-1.9.3-p327/gems/execjs-1.4.0/lib
  87. /home/manvuong/.rvm/gems/ruby-1.9.3-p327/gems/coffee-script-source-1.4.0/lib
  88. /home/manvuong/.rvm/gems/ruby-1.9.3-p327/gems/coderay-1.0.8/lib
  89. /home/manvuong/.rvm/gems/ruby-1.9.3-p327/gems/cocaine-0.4.2/lib
  90. /home/manvuong/.rvm/gems/ruby-1.9.3-p327/gems/client_side_validations-simple_form-2.0.1/lib
  91. /home/manvuong/.rvm/gems/ruby-1.9.3-p327/gems/simple_form-2.0.4/lib
  92. /home/manvuong/.rvm/gems/ruby-1.9.3-p327/gems/client_side_validations-3.2.1/lib
  93. /home/manvuong/.rvm/gems/ruby-1.9.3-p327/gems/choice-0.1.6/lib
  94. /home/manvuong/.rvm/gems/ruby-1.9.3-p327/gems/capybara-2.0.2/lib
  95. /home/manvuong/.rvm/gems/ruby-1.9.3-p327/gems/xpath-1.0.0/lib
  96. /home/manvuong/.rvm/gems/ruby-1.9.3-p327/gems/selenium-webdriver-2.27.2/lib
  97. /home/manvuong/.rvm/gems/ruby-1.9.3-p327/gems/libwebsocket-0.1.7.1/lib
  98. /home/manvuong/.rvm/gems/ruby-1.9.3-p327/gems/websocket-1.0.6/lib
  99. /home/manvuong/.rvm/gems/ruby-1.9.3-p327/gems/childprocess-0.3.6/lib
  100. /home/manvuong/.rvm/gems/ruby-1.9.3-p327/gems/ffi-1.3.1/lib
  101. /home/manvuong/.rvm/gems/ruby-1.9.3-p327/gems/ffi-1.3.1/ext/ffi_c
  102. /home/manvuong/.rvm/gems/ruby-1.9.3-p327/gems/cancan-1.6.8/lib
  103. /home/manvuong/.rvm/gems/ruby-1.9.3-p327/gems/bourne-1.1.2/lib
  104. /home/manvuong/.rvm/gems/ruby-1.9.3-p327/gems/mocha-0.10.5/lib
  105. /home/manvuong/.rvm/gems/ruby-1.9.3-p327/gems/metaclass-0.0.1/lib
  106. /home/manvuong/.rvm/gems/ruby-1.9.3-p327/gems/bootstrap-will_paginate-0.0.9/lib
  107. /home/manvuong/.rvm/gems/ruby-1.9.3-p327/gems/will_paginate-3.0.4/lib
  108. /home/manvuong/.rvm/gems/ruby-1.9.3-p327/gems/bootstrap-sass-2.2.2.0/lib
  109. /home/manvuong/.rvm/gems/ruby-1.9.3-p327/gems/sass-3.2.5/lib
  110. /home/manvuong/.rvm/gems/ruby-1.9.3-p327/gems/blankslate-3.1.2/lib
  111. /home/manvuong/.rvm/gems/ruby-1.9.3-p327/gems/better_states_select-1.0.0/lib
  112. /home/manvuong/.rvm/gems/ruby-1.9.3-p327/gems/rails-3.2.11/lib
  113. /home/manvuong/.rvm/gems/ruby-1.9.3-p327/gems/railties-3.2.11/lib
  114. /home/manvuong/.rvm/gems/ruby-1.9.3-p327/gems/thor-0.16.0/lib
  115. /home/manvuong/.rvm/gems/ruby-1.9.3-p327/gems/rdoc-3.12/lib
  116. /home/manvuong/.rvm/gems/ruby-1.9.3-p327/gems/rack-ssl-1.3.2/lib
  117. /home/manvuong/.rvm/gems/ruby-1.9.3-p327/gems/bcrypt-ruby-3.0.1/lib
  118. /home/manvuong/.rvm/gems/ruby-1.9.3-p327/gems/backports-2.6.7/lib
  119. /home/manvuong/.rvm/gems/ruby-1.9.3-p327/gems/axlsx-1.3.4/lib
  120. /home/manvuong/.rvm/gems/ruby-1.9.3-p327/gems/rubyzip-0.9.9/lib
  121. /home/manvuong/.rvm/gems/ruby-1.9.3-p327/gems/htmlentities-4.3.1/lib
  122. /home/manvuong/.rvm/gems/ruby-1.9.3-p327/gems/aws-sdk-1.8.0/lib
  123. /home/manvuong/.rvm/gems/ruby-1.9.3-p327/gems/uuidtools-2.1.3/lib
  124. /home/manvuong/.rvm/gems/ruby-1.9.3-p327/gems/nokogiri-1.5.6/lib
  125. /home/manvuong/.rvm/gems/ruby-1.9.3-p327/gems/json-1.7.6/lib
  126. /home/manvuong/.rvm/gems/ruby-1.9.3-p327/gems/httparty-0.10.0/lib
  127. /home/manvuong/.rvm/gems/ruby-1.9.3-p327/gems/multi_xml-0.5.2/lib
  128. /home/manvuong/.rvm/gems/ruby-1.9.3-p327/gems/annotate-2.5.0/lib
  129. /home/manvuong/.rvm/gems/ruby-1.9.3-p327/gems/addressable-2.3.2/lib
  130. /home/manvuong/.rvm/gems/ruby-1.9.3-p327/gems/activeresource-3.2.11/lib
  131. /home/manvuong/.rvm/gems/ruby-1.9.3-p327/gems/activerecord-3.2.11/lib
  132. /home/manvuong/.rvm/gems/ruby-1.9.3-p327/gems/tzinfo-0.3.35/lib
  133. /home/manvuong/.rvm/gems/ruby-1.9.3-p327/gems/arel-3.0.2/lib
  134. /home/manvuong/.rvm/gems/ruby-1.9.3-p327/gems/actionmailer-3.2.11/lib
  135. /home/manvuong/.rvm/gems/ruby-1.9.3-p327/gems/mail-2.4.4/lib
  136. /home/manvuong/.rvm/gems/ruby-1.9.3-p327/gems/treetop-1.4.12/lib
  137. /home/manvuong/.rvm/gems/ruby-1.9.3-p327/gems/polyglot-0.3.3/lib
  138. /home/manvuong/.rvm/gems/ruby-1.9.3-p327/gems/mime-types-1.19/lib
  139. /home/manvuong/.rvm/gems/ruby-1.9.3-p327/gems/actionpack-3.2.11/lib
  140. /home/manvuong/.rvm/gems/ruby-1.9.3-p327/gems/sprockets-2.2.2/lib
  141. /home/manvuong/.rvm/gems/ruby-1.9.3-p327/gems/tilt-1.3.3/lib
  142. /home/manvuong/.rvm/gems/ruby-1.9.3-p327/gems/hike-1.2.1/lib
  143. /home/manvuong/.rvm/gems/ruby-1.9.3-p327/gems/rack-test-0.6.2/lib
  144. /home/manvuong/.rvm/gems/ruby-1.9.3-p327/gems/rack-cache-1.2/lib
  145. /home/manvuong/.rvm/gems/ruby-1.9.3-p327/gems/rack-1.4.4/lib
  146. /home/manvuong/.rvm/gems/ruby-1.9.3-p327/gems/journey-1.0.4/lib
  147. /home/manvuong/.rvm/gems/ruby-1.9.3-p327/gems/erubis-2.7.0/lib
  148. /home/manvuong/.rvm/gems/ruby-1.9.3-p327/gems/activemodel-3.2.11/lib
  149. /home/manvuong/.rvm/gems/ruby-1.9.3-p327/gems/builder-3.0.4/lib
  150. /home/manvuong/.rvm/gems/ruby-1.9.3-p327/gems/activesupport-3.2.11/lib
  151. /home/manvuong/.rvm/gems/ruby-1.9.3-p327/gems/multi_json-1.5.0/lib
  152. /home/manvuong/.rvm/gems/ruby-1.9.3-p327/gems/i18n-0.6.1/lib
  153. /home/manvuong/.rvm/gems/ruby-1.9.3-p327@global/gems/rake-10.0.3/lib
  154. /home/manvuong/.rvm/gems/ruby-1.9.3-p327@global/gems/bundler-1.2.3/lib
  155. /home/manvuong/.rvm/rubies/ruby-1.9.3-p327/lib/ruby/site_ruby/1.9.1
  156. /home/manvuong/.rvm/rubies/ruby-1.9.3-p327/lib/ruby/site_ruby/1.9.1/i686-linux
  157. /home/manvuong/.rvm/rubies/ruby-1.9.3-p327/lib/ruby/site_ruby
  158. /home/manvuong/.rvm/rubies/ruby-1.9.3-p327/lib/ruby/vendor_ruby/1.9.1
  159. /home/manvuong/.rvm/rubies/ruby-1.9.3-p327/lib/ruby/vendor_ruby/1.9.1/i686-linux
  160. /home/manvuong/.rvm/rubies/ruby-1.9.3-p327/lib/ruby/vendor_ruby
  161. /home/manvuong/.rvm/rubies/ruby-1.9.3-p327/lib/ruby/1.9.1
  162. /home/manvuong/.rvm/rubies/ruby-1.9.3-p327/lib/ruby/1.9.1/i686-linux
